c:\users\caiot\onedrive - full sail university\documents\class work\bachelors\enginedev\rendererzip\1) renderer\renderer\debug\vc142.pdb
c:\users\caiot\onedrive - full sail university\documents\class work\bachelors\enginedev\rendererzip\1) renderer\renderer\debug\vc142.idb
c:\users\caiot\onedrive - full sail university\documents\class work\bachelors\enginedev\rendererzip\1) renderer\renderer\debug\xtime.obj
c:\users\caiot\onedrive - full sail university\documents\class work\bachelors\enginedev\rendererzip\1) renderer\renderer\debug\renderer.obj
c:\users\caiot\onedrive - full sail university\documents\class work\bachelors\enginedev\rendererzip\1) renderer\renderer\debug\main.obj
c:\users\caiot\onedrive - full sail university\documents\class work\bachelors\enginedev\rendererzip\1) renderer\renderer\debug\debug_renderer.obj
c:\users\caiot\onedrive - full sail university\documents\class work\bachelors\enginedev\rendererzip\1) renderer\renderer\debug\blob.obj
c:\users\caiot\onedrive - full sail university\documents\class work\bachelors\enginedev\rendererzip\1) renderer\renderer\debug_line_ps.cso
c:\users\caiot\onedrive - full sail university\documents\class work\bachelors\enginedev\rendererzip\1) renderer\renderer\debug_line_vs.cso
c:\users\caiot\onedrive - full sail university\documents\class work\bachelors\enginedev\rendererzip\1) renderer\renderer\ps_cube.cso
c:\users\caiot\onedrive - full sail university\documents\class work\bachelors\enginedev\rendererzip\1) renderer\renderer\vs_cube.cso
c:\users\caiot\onedrive - full sail university\documents\class work\bachelors\enginedev\rendererzip\1) renderer\debug\renderer.exe
c:\users\caiot\onedrive - full sail university\documents\class work\bachelors\enginedev\rendererzip\1) renderer\debug\renderer.ilk
c:\users\caiot\onedrive - full sail university\documents\class work\bachelors\enginedev\rendererzip\1) renderer\debug\renderer.pdb
c:\users\caiot\onedrive - full sail university\documents\class work\bachelors\enginedev\rendererzip\1) renderer\renderer\debug\renderer.tlog\cl.command.1.tlog
c:\users\caiot\onedrive - full sail university\documents\class work\bachelors\enginedev\rendererzip\1) renderer\renderer\debug\renderer.tlog\cl.read.1.tlog
c:\users\caiot\onedrive - full sail university\documents\class work\bachelors\enginedev\rendererzip\1) renderer\renderer\debug\renderer.tlog\cl.write.1.tlog
c:\users\caiot\onedrive - full sail university\documents\class work\bachelors\enginedev\rendererzip\1) renderer\renderer\debug\renderer.tlog\fxc.command.1.tlog
c:\users\caiot\onedrive - full sail university\documents\class work\bachelors\enginedev\rendererzip\1) renderer\renderer\debug\renderer.tlog\fxc.read.1.tlog
c:\users\caiot\onedrive - full sail university\documents\class work\bachelors\enginedev\rendererzip\1) renderer\renderer\debug\renderer.tlog\fxc.write.1.tlog
c:\users\caiot\onedrive - full sail university\documents\class work\bachelors\enginedev\rendererzip\1) renderer\renderer\debug\renderer.tlog\link.command.1.tlog
c:\users\caiot\onedrive - full sail university\documents\class work\bachelors\enginedev\rendererzip\1) renderer\renderer\debug\renderer.tlog\link.read.1.tlog
c:\users\caiot\onedrive - full sail university\documents\class work\bachelors\enginedev\rendererzip\1) renderer\renderer\debug\renderer.tlog\link.write.1.tlog
